app-index.js:33 Warning: Did not expect server HTML to contain a <div> in <div>.
    at div
    at div
    at div
    at Login (Server)
    at InnerLayoutRouter (webpack-internal:///(app-pages-browser)/./node_modules/next/dist/client/components/layout-router.js:243:11)
    at RedirectErrorBoundary (webpack-internal:///(app-pages-browser)/./node_modules/next/dist/client/components/redirect-boundary.js:74:9)
    at RedirectBoundary (webpack-internal:///(app-pages-browser)/./node_modules/next/dist/client/components/redirect-boundary.js:82:11)
    at NotFoundBoundary (webpack-internal:///(app-pages-browser)/./node_modules/next/dist/client/components/not-found-boundary.js:84:11)
    at LoadingBoundary (webpack-internal:///(app-pages-browser)/./node_modules/next/dist/client/components/layout-router.js:349:11)
    at ErrorBoundary (webpack-internal:///(app-pages-browser)/./node_modules/next/dist/client/components/error-boundary.js:160:11)
    at InnerScrollAndFocusHandler (webpack-internal:///(app-pages-browser)/./node_modules/next/dist/client/components/layout-router.js:153:9)
    at ScrollAndFocusHandler (webpack-internal:///(app-pages-browser)/./node_modules/next/dist/client/components/layout-router.js:228:11)
    at RenderFromTemplateContext (webpack-internal:///(app-pages-browser)/./node_modules/next/dist/client/components/render-from-template-context.js:16:44)
    at OuterLayoutRouter (webpack-internal:///(app-pages-browser)/./node_modules/next/dist/client/components/layout-router.js:370:11)
    at InnerLayoutRouter (webpack-internal:///(app-pages-browser)/./node_modules/next/dist/client/components/layout-router.js:243:11)
    at RedirectErrorBoundary (webpack-internal:///(app-pages-browser)/./node_modules/next/dist/client/components/redirect-boundary.js:74:9)
    at RedirectBoundary (webpack-internal:///(app-pages-browser)/./node_modules/next/dist/client/components/redirect-boundary.js:82:11)
    at NotFoundErrorBoundary (webpack-internal:///(app-pages-browser)/./node_modules/next/dist/client/components/not-found-boundary.js:76:9)
    at NotFoundBoundary (webpack-internal:///(app-pages-browser)/./node_modules/next/dist/client/components/not-found-boundary.js:84:11)
    at LoadingBoundary (webpack-internal:///(app-pages-browser)/./node_modules/next/dist/client/components/layout-router.js:349:11)
    at ErrorBoundary (webpack-internal:///(app-pages-browser)/./node_modules/next/dist/client/components/error-boundary.js:160:11)
    at InnerScrollAndFocusHandler (webpack-internal:///(app-pages-browser)/./node_modules/next/dist/client/components/layout-router.js:153:9)
    at ScrollAndFocusHandler (webpack-internal:///(app-pages-browser)/./node_modules/next/dist/client/components/layout-router.js:228:11)
    at RenderFromTemplateContext (webpack-internal:///(app-pages-browser)/./node_modules/next/dist/client/components/render-from-template-context.js:16:44)
    at OuterLayoutRouter (webpack-internal:///(app-pages-browser)/./node_modules/next/dist/client/components/layout-router.js:370:11)
    at main
    at body
    at html
    at RootLayout (Server)
    at RedirectErrorBoundary (webpack-internal:///(app-pages-browser)/./node_modules/next/dist/client/components/redirect-boundary.js:74:9)
    at RedirectBoundary (webpack-internal:///(app-pages-browser)/./node_modules/next/dist/client/components/redirect-boundary.js:82:11)
    at NotFoundErrorBoundary (webpack-internal:///(app-pages-browser)/./node_modules/next/dist/client/components/not-found-boundary.js:76:9)
    at NotFoundBoundary (webpack-internal:///(app-pages-browser)/./node_modules/next/dist/client/components/not-found-boundary.js:84:11)
    at DevRootNotFoundBoundary (webpack-internal:///(app-pages-browser)/./node_modules/next/dist/client/components/dev-root-not-found-boundary.js:33:11)
    at ReactDevOverlay (webpack-internal:///(app-pages-browser)/./node_modules/next/dist/client/components/react-dev-overlay/app/ReactDevOverlay.js:87:9)
    at HotReload (webpack-internal:///(app-pages-browser)/./node_modules/next/dist/client/components/react-dev-overlay/app/hot-reloader-client.js:321:11)
    at Router (webpack-internal:///(app-pages-browser)/./node_modules/next/dist/client/components/app-router.js:207:11)
    at ErrorBoundaryHandler (webpack-internal:///(app-pages-browser)/./node_modules/next/dist/client/components/error-boundary.js:113:9)
    at ErrorBoundary (webpack-internal:///(app-pages-browser)/./node_modules/next/dist/client/components/error-boundary.js:160:11)
    at AppRouter (webpack-internal:///(app-pages-browser)/./node_modules/next/dist/client/components/app-router.js:585:13)
    at ServerRoot (webpack-internal:///(app-pages-browser)/./node_modules/next/dist/client/app-index.js:112:27)
    at Root (webpack-internal:///(app-pages-browser)/./node_modules/next/dist/client/app-index.js:117:11)
window.console.error @ app-index.js:33
console.error @ hydration-error-info.js:63
printWarning @ react-dom.development.js:94
error @ react-dom.development.js:68
warnForDeletedHydratableElement @ react-dom.development.js:35133
didNotHydrateInstance @ react-dom.development.js:36252
warnUnhydratedInstance @ react-dom.development.js:6795
warnIfUnhydratedTailNodes @ react-dom.development.js:7414
popHydrationState @ react-dom.development.js:7383
completeWork @ react-dom.development.js:19764
completeUnitOfWork @ react-dom.development.js:25963
performUnitOfWork @ react-dom.development.js:25759
workLoopConcurrent @ react-dom.development.js:25734
renderRootConcurrent @ react-dom.development.js:25690
performConcurrentWorkOnRoot @ react-dom.development.js:24504
workLoop @ scheduler.development.js:256
flushWork @ scheduler.development.js:225
performWorkUntilDeadline @ scheduler.development.js:534
Show 18 more frames
Show less
app-index.js:33 Warning: An error occurred during hydration. The server HTML was replaced with client content in <#document>.
window.console.error @ app-index.js:33
console.error @ hydration-error-info.js:63
printWarning @ react-dom.development.js:94
error @ react-dom.development.js:68
errorHydratingContainer @ react-dom.development.js:36301
recoverFromConcurrentError @ react-dom.development.js:24593
performConcurrentWorkOnRoot @ react-dom.development.js:24542
workLoop @ scheduler.development.js:256
flushWork @ scheduler.development.js:225
performWorkUntilDeadline @ scheduler.development.js:534
Show 10 more frames
Show less
on-recoverable-error.js:20 Uncaught Error: Hydration failed because the initial UI does not match what was rendered on the server.
    at throwOnHydrationMismatch (react-dom.development.js:6981:9)
    at popHydrationState (react-dom.development.js:7384:9)
    at completeWork (react-dom.development.js:19764:31)
    at completeUnitOfWork (react-dom.development.js:25963:14)
    at performUnitOfWork (react-dom.development.js:25759:5)
    at workLoopConcurrent (react-dom.development.js:25734:5)
    at renderRootConcurrent (react-dom.development.js:25690:9)
    at performConcurrentWorkOnRoot (react-dom.development.js:24504:38)
    at workLoop (scheduler.development.js:256:34)
    at flushWork (scheduler.development.js:225:14)
    at MessagePort.performWorkUntilDeadline (scheduler.development.js:534:21)
throwOnHydrationMismatch @ react-dom.development.js:6981
popHydrationState @ react-dom.development.js:7384
completeWork @ react-dom.development.js:19764
completeUnitOfWork @ react-dom.development.js:25963
performUnitOfWork @ react-dom.development.js:25759
workLoopConcurrent @ react-dom.development.js:25734
renderRootConcurrent @ react-dom.development.js:25690
performConcurrentWorkOnRoot @ react-dom.development.js:24504
workLoop @ scheduler.development.js:256
flushWork @ scheduler.development.js:225
performWorkUntilDeadline @ scheduler.development.js:534
Show 11 more frames
Show less
on-recoverable-error.js:20 Uncaught Error: Hydration failed because the initial UI does not match what was rendered on the server.
    at throwOnHydrationMismatch (react-dom.development.js:6981:9)
    at popHydrationState (react-dom.development.js:7384:9)
    at completeWork (react-dom.development.js:19764:31)
    at completeUnitOfWork (react-dom.development.js:25963:14)
    at performUnitOfWork (react-dom.development.js:25759:5)
    at workLoopConcurrent (react-dom.development.js:25734:5)
    at renderRootConcurrent (react-dom.development.js:25690:9)
    at performConcurrentWorkOnRoot (react-dom.development.js:24504:38)
    at workLoop (scheduler.development.js:256:34)
    at flushWork (scheduler.development.js:225:14)
    at MessagePort.performWorkUntilDeadline (scheduler.development.js:534:21)
throwOnHydrationMismatch @ react-dom.development.js:6981
popHydrationState @ react-dom.development.js:7384
completeWork @ react-dom.development.js:19764
completeUnitOfWork @ react-dom.development.js:25963
performUnitOfWork @ react-dom.development.js:25759
workLoopConcurrent @ react-dom.development.js:25734
renderRootConcurrent @ react-dom.development.js:25690
performConcurrentWorkOnRoot @ react-dom.development.js:24504
workLoop @ scheduler.development.js:256
flushWork @ scheduler.development.js:225
performWorkUntilDeadline @ scheduler.development.js:534
Show 11 more frames
Show less
on-recoverable-error.js:20 Uncaught Error: Hydration failed because the initial UI does not match what was rendered on the server.
    at throwOnHydrationMismatch (react-dom.development.js:6981:9)
    at popHydrationState (react-dom.development.js:7384:9)
    at completeWork (react-dom.development.js:19764:31)
    at completeUnitOfWork (react-dom.development.js:25963:14)
    at performUnitOfWork (react-dom.development.js:25759:5)
    at workLoopConcurrent (react-dom.development.js:25734:5)
    at renderRootConcurrent (react-dom.development.js:25690:9)
    at performConcurrentWorkOnRoot (react-dom.development.js:24504:38)
    at workLoop (scheduler.development.js:256:34)
    at flushWork (scheduler.development.js:225:14)
    at MessagePort.performWorkUntilDeadline (scheduler.development.js:534:21)
throwOnHydrationMismatch @ react-dom.development.js:6981
popHydrationState @ react-dom.development.js:7384
completeWork @ react-dom.development.js:19764
completeUnitOfWork @ react-dom.development.js:25963
performUnitOfWork @ react-dom.development.js:25759
workLoopConcurrent @ react-dom.development.js:25734
renderRootConcurrent @ react-dom.development.js:25690
performConcurrentWorkOnRoot @ react-dom.development.js:24504
workLoop @ scheduler.development.js:256
flushWork @ scheduler.development.js:225
performWorkUntilDeadline @ scheduler.development.js:534
Show 11 more frames
Show less
on-recoverable-error.js:20 Uncaught Error: Hydration failed because the initial UI does not match what was rendered on the server.
    at throwOnHydrationMismatch (react-dom.development.js:6981:9)
    at popHydrationState (react-dom.development.js:7384:9)
    at completeWork (react-dom.development.js:19764:31)
    at completeUnitOfWork (react-dom.development.js:25963:14)
    at performUnitOfWork (react-dom.development.js:25759:5)
    at workLoopConcurrent (react-dom.development.js:25734:5)
    at renderRootConcurrent (react-dom.development.js:25690:9)
    at performConcurrentWorkOnRoot (react-dom.development.js:24504:38)
    at workLoop (scheduler.development.js:256:34)
    at flushWork (scheduler.development.js:225:14)
    at MessagePort.performWorkUntilDeadline (scheduler.development.js:534:21)
throwOnHydrationMismatch @ react-dom.development.js:6981
popHydrationState @ react-dom.development.js:7384
completeWork @ react-dom.development.js:19764
completeUnitOfWork @ react-dom.development.js:25963
performUnitOfWork @ react-dom.development.js:25759
workLoopConcurrent @ react-dom.development.js:25734
renderRootConcurrent @ react-dom.development.js:25690
performConcurrentWorkOnRoot @ react-dom.development.js:24504
workLoop @ scheduler.development.js:256
flushWork @ scheduler.development.js:225
performWorkUntilDeadline @ scheduler.development.js:534
Show 11 more frames
Show less
on-recoverable-error.js:20 Uncaught Error: Hydration failed because the initial UI does not match what was rendered on the server.
    at throwOnHydrationMismatch (react-dom.development.js:6981:9)
    at popHydrationState (react-dom.development.js:7384:9)
    at completeWork (react-dom.development.js:19764:31)
    at completeUnitOfWork (react-dom.development.js:25963:14)
    at performUnitOfWork (react-dom.development.js:25759:5)
    at workLoopConcurrent (react-dom.development.js:25734:5)
    at renderRootConcurrent (react-dom.development.js:25690:9)
    at performConcurrentWorkOnRoot (react-dom.development.js:24504:38)
    at workLoop (scheduler.development.js:256:34)
    at flushWork (scheduler.development.js:225:14)
    at MessagePort.performWorkUntilDeadline (scheduler.development.js:534:21)
throwOnHydrationMismatch @ react-dom.development.js:6981
popHydrationState @ react-dom.development.js:7384
completeWork @ react-dom.development.js:19764
completeUnitOfWork @ react-dom.development.js:25963
performUnitOfWork @ react-dom.development.js:25759
workLoopConcurrent @ react-dom.development.js:25734
renderRootConcurrent @ react-dom.development.js:25690
performConcurrentWorkOnRoot @ react-dom.development.js:24504
workLoop @ scheduler.development.js:256
flushWork @ scheduler.development.js:225
performWorkUntilDeadline @ scheduler.development.js:534
Show 11 more frames
Show less
on-recoverable-error.js:20 Uncaught Error: Hydration failed because the initial UI does not match what was rendered on the server.
    at throwOnHydrationMismatch (react-dom.development.js:6981:9)
    at popHydrationState (react-dom.development.js:7384:9)
    at completeWork (react-dom.development.js:19764:31)
    at completeUnitOfWork (react-dom.development.js:25963:14)
    at performUnitOfWork (react-dom.development.js:25759:5)
    at workLoopConcurrent (react-dom.development.js:25734:5)
    at renderRootConcurrent (react-dom.development.js:25690:9)
    at performConcurrentWorkOnRoot (react-dom.development.js:24504:38)
    at workLoop (scheduler.development.js:256:34)
    at flushWork (scheduler.development.js:225:14)
    at MessagePort.performWorkUntilDeadline (scheduler.development.js:534:21)
throwOnHydrationMismatch @ react-dom.development.js:6981
popHydrationState @ react-dom.development.js:7384
completeWork @ react-dom.development.js:19764
completeUnitOfWork @ react-dom.development.js:25963
performUnitOfWork @ react-dom.development.js:25759
workLoopConcurrent @ react-dom.development.js:25734
renderRootConcurrent @ react-dom.development.js:25690
performConcurrentWorkOnRoot @ react-dom.development.js:24504
workLoop @ scheduler.development.js:256
flushWork @ scheduler.development.js:225
performWorkUntilDeadline @ scheduler.development.js:534
Show 11 more frames
Show less
react-dom.development.js:16571 Uncaught Error: There was an error while hydrating. Because the error happened outside of a Suspense boundary, the entire root will switch to client rendering.
    at updateHostRoot (react-dom.development.js:16571:57)
    at beginWork$1 (react-dom.development.js:18486:14)
    at beginWork (react-dom.development.js:26927:14)
    at performUnitOfWork (react-dom.development.js:25748:12)
    at workLoopSync (react-dom.development.js:25464:5)
    at renderRootSync (react-dom.development.js:25419:7)
    at recoverFromConcurrentError (react-dom.development.js:24597:20)
    at performConcurrentWorkOnRoot (react-dom.development.js:24542:26)
    at workLoop (scheduler.development.js:256:34)
    at flushWork (scheduler.development.js:225:14)
    at MessagePort.performWorkUntilDeadline (scheduler.development.js:534:21)
updateHostRoot @ react-dom.development.js:16571
beginWork$1 @ react-dom.development.js:18486
beginWork @ react-dom.development.js:26927
performUnitOfWork @ react-dom.development.js:25748
workLoopSync @ react-dom.development.js:25464
renderRootSync @ react-dom.development.js:25419
recoverFromConcurrentError @ react-dom.development.js:24597
performConcurrentWorkOnRoot @ react-dom.development.js:24542
workLoop @ scheduler.development.js:256
flushWork @ scheduler.development.js:225
performWorkUntilDeadline @ scheduler.development.js:534
Show 11 more frames
Show less
NavBar.tsx:9 {user: {…}}user: app_metadata: {provider: 'email', providers: Array(1)}aud: "authenticated"confirmation_sent_at: "2024-06-27T20:18:47.236647Z"confirmed_at: "2024-06-27T20:19:04.47448Z"created_at: "2024-06-27T20:18:47.215169Z"email: "chrishatch03@gmail.com"email_confirmed_at: "2024-06-27T20:19:04.47448Z"id: "ad90407a-7c81-47a9-aa45-ec6f2df3ca15"identities: [{…}]is_anonymous: falselast_sign_in_at: "2024-07-02T14:46:59.975075Z"phone: ""role: "authenticated"updated_at: "2024-07-02T14:46:59.984448Z"user_metadata: {email: 'chrishatch03@gmail.com', email_verified: false, phone_verified: false, sub: 'ad90407a-7c81-47a9-aa45-ec6f2df3ca15'}[[Prototype]]: Object[[Prototype]]: Object
NavBar.tsx:9 {user: {…}}
hot-reloader-client.js:187 [Fast Refresh] rebuilding
hot-reloader-client.js:44 [Fast Refresh] done in 321ms
NavBar.tsx:9 {user: {…}}
NavBar.tsx:9 {user: {…}}
